Symlinking /home/george/Desktop/group16_workspace/devel/share/gennodejs/ros/tiago_custom_msgs/_index.js
Symlinking /home/george/Desktop/group16_workspace/devel/share/gennodejs/ros/tiago_custom_msgs/msg/PickResult.js
Symlinking /home/george/Desktop/group16_workspace/devel/share/gennodejs/ros/tiago_custom_msgs/msg/PickGoal.js
Symlinking /home/george/Desktop/group16_workspace/devel/share/gennodejs/ros/tiago_custom_msgs/msg/PickActionGoal.js
Symlinking /home/george/Desktop/group16_workspace/devel/share/gennodejs/ros/tiago_custom_msgs/msg/PickFeedback.js
Symlinking /home/george/Desktop/group16_workspace/devel/share/gennodejs/ros/tiago_custom_msgs/msg/_index.js
Symlinking /home/george/Desktop/group16_workspace/devel/share/gennodejs/ros/tiago_custom_msgs/msg/PickAction.js
Symlinking /home/george/Desktop/group16_workspace/devel/share/gennodejs/ros/tiago_custom_msgs/msg/PickActionResult.js
Symlinking /home/george/Desktop/group16_workspace/devel/share/gennodejs/ros/tiago_custom_msgs/msg/PickActionFeedback.js
Symlinking /home/george/Desktop/group16_workspace/devel/share/common-lisp/ros/tiago_custom_msgs/msg/PickGoal.lisp
Symlinking /home/george/Desktop/group16_workspace/devel/share/common-lisp/ros/tiago_custom_msgs/msg/_package_PickActionGoal.lisp
Symlinking /home/george/Desktop/group16_workspace/devel/share/common-lisp/ros/tiago_custom_msgs/msg/PickAction.lisp
Symlinking /home/george/Desktop/group16_workspace/devel/share/common-lisp/ros/tiago_custom_msgs/msg/_package_PickGoal.lisp
Symlinking /home/george/Desktop/group16_workspace/devel/share/common-lisp/ros/tiago_custom_msgs/msg/tiago_custom_msgs-msg.asd
Symlinking /home/george/Desktop/group16_workspace/devel/share/common-lisp/ros/tiago_custom_msgs/msg/PickActionGoal.lisp
Symlinking /home/george/Desktop/group16_workspace/devel/share/common-lisp/ros/tiago_custom_msgs/msg/_package.lisp
Symlinking /home/george/Desktop/group16_workspace/devel/share/common-lisp/ros/tiago_custom_msgs/msg/_package_PickAction.lisp
Symlinking /home/george/Desktop/group16_workspace/devel/share/common-lisp/ros/tiago_custom_msgs/msg/_package_PickFeedback.lisp
Symlinking /home/george/Desktop/group16_workspace/devel/share/common-lisp/ros/tiago_custom_msgs/msg/_package_PickActionResult.lisp
Symlinking /home/george/Desktop/group16_workspace/devel/share/common-lisp/ros/tiago_custom_msgs/msg/PickFeedback.lisp
Symlinking /home/george/Desktop/group16_workspace/devel/share/common-lisp/ros/tiago_custom_msgs/msg/PickActionResult.lisp
Symlinking /home/george/Desktop/group16_workspace/devel/share/common-lisp/ros/tiago_custom_msgs/msg/_package_PickActionFeedback.lisp
Symlinking /home/george/Desktop/group16_workspace/devel/share/common-lisp/ros/tiago_custom_msgs/msg/_package_PickResult.lisp
Symlinking /home/george/Desktop/group16_workspace/devel/share/common-lisp/ros/tiago_custom_msgs/msg/PickActionFeedback.lisp
Symlinking /home/george/Desktop/group16_workspace/devel/share/common-lisp/ros/tiago_custom_msgs/msg/PickResult.lisp
Symlinking /home/george/Desktop/group16_workspace/devel/share/roseus/ros/tiago_custom_msgs/manifest.l
Symlinking /home/george/Desktop/group16_workspace/devel/share/roseus/ros/tiago_custom_msgs/msg/PickAction.l
Symlinking /home/george/Desktop/group16_workspace/devel/share/roseus/ros/tiago_custom_msgs/msg/PickFeedback.l
Symlinking /home/george/Desktop/group16_workspace/devel/share/roseus/ros/tiago_custom_msgs/msg/PickGoal.l
Symlinking /home/george/Desktop/group16_workspace/devel/share/roseus/ros/tiago_custom_msgs/msg/PickResult.l
Symlinking /home/george/Desktop/group16_workspace/devel/share/roseus/ros/tiago_custom_msgs/msg/PickActionResult.l
Symlinking /home/george/Desktop/group16_workspace/devel/share/roseus/ros/tiago_custom_msgs/msg/PickActionGoal.l
Symlinking /home/george/Desktop/group16_workspace/devel/share/roseus/ros/tiago_custom_msgs/msg/PickActionFeedback.l
Symlinking /home/george/Desktop/group16_workspace/devel/share/tiago_custom_msgs/cmake/tiago_custom_msgs-msg-extras.cmake
Symlinking /home/george/Desktop/group16_workspace/devel/share/tiago_custom_msgs/cmake/tiago_custom_msgsConfig-version.cmake
Symlinking /home/george/Desktop/group16_workspace/devel/share/tiago_custom_msgs/cmake/tiago_custom_msgs-msg-paths.cmake
Symlinking /home/george/Desktop/group16_workspace/devel/share/tiago_custom_msgs/cmake/tiago_custom_msgsConfig.cmake
Symlinking /home/george/Desktop/group16_workspace/devel/share/tiago_custom_msgs/msg/PickActionFeedback.msg
Symlinking /home/george/Desktop/group16_workspace/devel/share/tiago_custom_msgs/msg/PickActionGoal.msg
Symlinking /home/george/Desktop/group16_workspace/devel/share/tiago_custom_msgs/msg/PickActionResult.msg
Symlinking /home/george/Desktop/group16_workspace/devel/share/tiago_custom_msgs/msg/PickFeedback.msg
Symlinking /home/george/Desktop/group16_workspace/devel/share/tiago_custom_msgs/msg/PickResult.msg
Symlinking /home/george/Desktop/group16_workspace/devel/share/tiago_custom_msgs/msg/PickGoal.msg
Symlinking /home/george/Desktop/group16_workspace/devel/share/tiago_custom_msgs/msg/PickAction.msg
Symlinking /home/george/Desktop/group16_workspace/devel/lib/python2.7/dist-packages/tiago_custom_msgs/__init__.py
Symlinking /home/george/Desktop/group16_workspace/devel/lib/python2.7/dist-packages/tiago_custom_msgs/msg/_PickGoal.py
Symlinking /home/george/Desktop/group16_workspace/devel/lib/python2.7/dist-packages/tiago_custom_msgs/msg/_PickActionResult.py
Symlinking /home/george/Desktop/group16_workspace/devel/lib/python2.7/dist-packages/tiago_custom_msgs/msg/_PickActionFeedback.py
Symlinking /home/george/Desktop/group16_workspace/devel/lib/python2.7/dist-packages/tiago_custom_msgs/msg/_PickActionGoal.py
Symlinking /home/george/Desktop/group16_workspace/devel/lib/python2.7/dist-packages/tiago_custom_msgs/msg/__init__.py
Symlinking /home/george/Desktop/group16_workspace/devel/lib/python2.7/dist-packages/tiago_custom_msgs/msg/_PickAction.py
Symlinking /home/george/Desktop/group16_workspace/devel/lib/python2.7/dist-packages/tiago_custom_msgs/msg/_PickFeedback.py
Symlinking /home/george/Desktop/group16_workspace/devel/lib/python2.7/dist-packages/tiago_custom_msgs/msg/_PickResult.py
Symlinking /home/george/Desktop/group16_workspace/devel/lib/pkgconfig/tiago_custom_msgs.pc
Symlinking /home/george/Desktop/group16_workspace/devel/include/tiago_custom_msgs/PickActionResult.h
Symlinking /home/george/Desktop/group16_workspace/devel/include/tiago_custom_msgs/PickActionFeedback.h
Symlinking /home/george/Desktop/group16_workspace/devel/include/tiago_custom_msgs/PickActionGoal.h
Symlinking /home/george/Desktop/group16_workspace/devel/include/tiago_custom_msgs/PickGoal.h
Symlinking /home/george/Desktop/group16_workspace/devel/include/tiago_custom_msgs/PickAction.h
Symlinking /home/george/Desktop/group16_workspace/devel/include/tiago_custom_msgs/PickResult.h
Symlinking /home/george/Desktop/group16_workspace/devel/include/tiago_custom_msgs/PickFeedback.h
