Determining if the pthread_create exist failed with the following output:
Change Dir: /home/george/Desktop/group16_workspace/build/rosplan_dispatch_msgs/CMakeFiles/CMakeTmp

Run Build Command:"/usr/bin/make" "cmTC_2ec1f/fast"
/usr/bin/make -f CMakeFiles/cmTC_2ec1f.dir/build.make CMakeFiles/cmTC_2ec1f.dir/build
make[1]: Entering directory '/home/george/Desktop/group16_workspace/build/rosplan_dispatch_msgs/CMakeFiles/CMakeTmp'
Building C object CMakeFiles/cmTC_2ec1f.dir/CheckSymbolExists.c.o
/usr/bin/cc    -o CMakeFiles/cmTC_2ec1f.dir/CheckSymbolExists.c.o   -c /home/george/Desktop/group16_workspace/build/rosplan_dispatch_msgs/CMakeFiles/CMakeTmp/CheckSymbolExists.c
Linking C executable cmTC_2ec1f
/usr/bin/cmake -E cmake_link_script CMakeFiles/cmTC_2ec1f.dir/link.txt --verbose=1
/usr/bin/cc      -rdynamic CMakeFiles/cmTC_2ec1f.dir/CheckSymbolExists.c.o  -o cmTC_2ec1f 
CMakeFiles/cmTC_2ec1f.dir/CheckSymbolExists.c.o: In function `main':
CheckSymbolExists.c:(.text+0x1b): undefined reference to `pthread_create'
collect2: error: ld returned 1 exit status
CMakeFiles/cmTC_2ec1f.dir/build.make:97: recipe for target 'cmTC_2ec1f' failed
make[1]: *** [cmTC_2ec1f] Error 1
make[1]: Leaving directory '/home/george/Desktop/group16_workspace/build/rosplan_dispatch_msgs/CMakeFiles/CMakeTmp'
Makefile:126: recipe for target 'cmTC_2ec1f/fast' failed
make: *** [cmTC_2ec1f/fast] Error 2

File /home/george/Desktop/group16_workspace/build/rosplan_dispatch_msgs/CMakeFiles/CMakeTmp/CheckSymbolExists.c:
/* */
#include <pthread.h>

int main(int argc, char** argv)
{
  (void)argv;
#ifndef pthread_create
  return ((int*)(&pthread_create))[argc];
#else
  (void)argc;
  return 0;
#endif
}

Determining if the function pthread_create exists in the pthreads failed with the following output:
Change Dir: /home/george/Desktop/group16_workspace/build/rosplan_dispatch_msgs/CMakeFiles/CMakeTmp

Run Build Command:"/usr/bin/make" "cmTC_f31f6/fast"
/usr/bin/make -f CMakeFiles/cmTC_f31f6.dir/build.make CMakeFiles/cmTC_f31f6.dir/build
make[1]: Entering directory '/home/george/Desktop/group16_workspace/build/rosplan_dispatch_msgs/CMakeFiles/CMakeTmp'
Building C object CMakeFiles/cmTC_f31f6.dir/CheckFunctionExists.c.o
/usr/bin/cc   -DCHECK_FUNCTION_EXISTS=pthread_create   -o CMakeFiles/cmTC_f31f6.dir/CheckFunctionExists.c.o   -c /usr/share/cmake-3.10/Modules/CheckFunctionExists.c
Linking C executable cmTC_f31f6
/usr/bin/cmake -E cmake_link_script CMakeFiles/cmTC_f31f6.dir/link.txt --verbose=1
/usr/bin/cc  -DCHECK_FUNCTION_EXISTS=pthread_create    -rdynamic CMakeFiles/cmTC_f31f6.dir/CheckFunctionExists.c.o  -o cmTC_f31f6 -lpthreads 
/usr/bin/ld: cannot find -lpthreads
collect2: error: ld returned 1 exit status
CMakeFiles/cmTC_f31f6.dir/build.make:97: recipe for target 'cmTC_f31f6' failed
make[1]: *** [cmTC_f31f6] Error 1
make[1]: Leaving directory '/home/george/Desktop/group16_workspace/build/rosplan_dispatch_msgs/CMakeFiles/CMakeTmp'
Makefile:126: recipe for target 'cmTC_f31f6/fast' failed
make: *** [cmTC_f31f6/fast] Error 2


