Determining if the pthread_create exist failed with the following output:
Change Dir: /home/george/Desktop/group16_workspace/build/rosplan_sensing_interface/CMakeFiles/CMakeTmp

Run Build Command:"/usr/bin/make" "cmTC_40197/fast"
/usr/bin/make -f CMakeFiles/cmTC_40197.dir/build.make CMakeFiles/cmTC_40197.dir/build
make[1]: Entering directory '/home/george/Desktop/group16_workspace/build/rosplan_sensing_interface/CMakeFiles/CMakeTmp'
Building C object CMakeFiles/cmTC_40197.dir/CheckSymbolExists.c.o
/usr/bin/cc    -o CMakeFiles/cmTC_40197.dir/CheckSymbolExists.c.o   -c /home/george/Desktop/group16_workspace/build/rosplan_sensing_interface/CMakeFiles/CMakeTmp/CheckSymbolExists.c
Linking C executable cmTC_40197
/usr/bin/cmake -E cmake_link_script CMakeFiles/cmTC_40197.dir/link.txt --verbose=1
/usr/bin/cc      -rdynamic CMakeFiles/cmTC_40197.dir/CheckSymbolExists.c.o  -o cmTC_40197 
CMakeFiles/cmTC_40197.dir/CheckSymbolExists.c.o: In function `main':
CheckSymbolExists.c:(.text+0x1b): undefined reference to `pthread_create'
collect2: error: ld returned 1 exit status
CMakeFiles/cmTC_40197.dir/build.make:97: recipe for target 'cmTC_40197' failed
make[1]: *** [cmTC_40197] Error 1
make[1]: Leaving directory '/home/george/Desktop/group16_workspace/build/rosplan_sensing_interface/CMakeFiles/CMakeTmp'
Makefile:126: recipe for target 'cmTC_40197/fast' failed
make: *** [cmTC_40197/fast] Error 2

File /home/george/Desktop/group16_workspace/build/rosplan_sensing_interface/CMakeFiles/CMakeTmp/CheckSymbolExists.c:
/* */
#include <pthread.h>

int main(int argc, char** argv)
{
  (void)argv;
#ifndef pthread_create
  return ((int*)(&pthread_create))[argc];
#else
  (void)argc;
  return 0;
#endif
}

Determining if the function pthread_create exists in the pthreads failed with the following output:
Change Dir: /home/george/Desktop/group16_workspace/build/rosplan_sensing_interface/CMakeFiles/CMakeTmp

Run Build Command:"/usr/bin/make" "cmTC_e158a/fast"
/usr/bin/make -f CMakeFiles/cmTC_e158a.dir/build.make CMakeFiles/cmTC_e158a.dir/build
make[1]: Entering directory '/home/george/Desktop/group16_workspace/build/rosplan_sensing_interface/CMakeFiles/CMakeTmp'
Building C object CMakeFiles/cmTC_e158a.dir/CheckFunctionExists.c.o
/usr/bin/cc   -DCHECK_FUNCTION_EXISTS=pthread_create   -o CMakeFiles/cmTC_e158a.dir/CheckFunctionExists.c.o   -c /usr/share/cmake-3.10/Modules/CheckFunctionExists.c
Linking C executable cmTC_e158a
/usr/bin/cmake -E cmake_link_script CMakeFiles/cmTC_e158a.dir/link.txt --verbose=1
/usr/bin/cc  -DCHECK_FUNCTION_EXISTS=pthread_create    -rdynamic CMakeFiles/cmTC_e158a.dir/CheckFunctionExists.c.o  -o cmTC_e158a -lpthreads 
/usr/bin/ld: cannot find -lpthreads
collect2: error: ld returned 1 exit status
CMakeFiles/cmTC_e158a.dir/build.make:97: recipe for target 'cmTC_e158a' failed
make[1]: *** [cmTC_e158a] Error 1
make[1]: Leaving directory '/home/george/Desktop/group16_workspace/build/rosplan_sensing_interface/CMakeFiles/CMakeTmp'
Makefile:126: recipe for target 'cmTC_e158a/fast' failed
make: *** [cmTC_e158a/fast] Error 2


