Determining if the pthread_create exist failed with the following output:
Change Dir: /home/george/Desktop/group16_workspace/build/catkin_tools_prebuild/CMakeFiles/CMakeTmp

Run Build Command:"/usr/bin/make" "cmTC_256e9/fast"
/usr/bin/make -f CMakeFiles/cmTC_256e9.dir/build.make CMakeFiles/cmTC_256e9.dir/build
make[1]: Entering directory '/home/george/Desktop/group16_workspace/build/catkin_tools_prebuild/CMakeFiles/CMakeTmp'
Building C object CMakeFiles/cmTC_256e9.dir/CheckSymbolExists.c.o
/usr/bin/cc    -o CMakeFiles/cmTC_256e9.dir/CheckSymbolExists.c.o   -c /home/george/Desktop/group16_workspace/build/catkin_tools_prebuild/CMakeFiles/CMakeTmp/CheckSymbolExists.c
Linking C executable cmTC_256e9
/usr/bin/cmake -E cmake_link_script CMakeFiles/cmTC_256e9.dir/link.txt --verbose=1
/usr/bin/cc      -rdynamic CMakeFiles/cmTC_256e9.dir/CheckSymbolExists.c.o  -o cmTC_256e9 
CMakeFiles/cmTC_256e9.dir/CheckSymbolExists.c.o: In function `main':
CheckSymbolExists.c:(.text+0x1b): undefined reference to `pthread_create'
collect2: error: ld returned 1 exit status
CMakeFiles/cmTC_256e9.dir/build.make:97: recipe for target 'cmTC_256e9' failed
make[1]: *** [cmTC_256e9] Error 1
make[1]: Leaving directory '/home/george/Desktop/group16_workspace/build/catkin_tools_prebuild/CMakeFiles/CMakeTmp'
Makefile:126: recipe for target 'cmTC_256e9/fast' failed
make: *** [cmTC_256e9/fast] Error 2

File /home/george/Desktop/group16_workspace/build/catkin_tools_prebuild/CMakeFiles/CMakeTmp/CheckSymbolExists.c:
/* */
#include <pthread.h>

int main(int argc, char** argv)
{
  (void)argv;
#ifndef pthread_create
  return ((int*)(&pthread_create))[argc];
#else
  (void)argc;
  return 0;
#endif
}

Determining if the function pthread_create exists in the pthreads failed with the following output:
Change Dir: /home/george/Desktop/group16_workspace/build/catkin_tools_prebuild/CMakeFiles/CMakeTmp

Run Build Command:"/usr/bin/make" "cmTC_e22d2/fast"
/usr/bin/make -f CMakeFiles/cmTC_e22d2.dir/build.make CMakeFiles/cmTC_e22d2.dir/build
make[1]: Entering directory '/home/george/Desktop/group16_workspace/build/catkin_tools_prebuild/CMakeFiles/CMakeTmp'
Building C object CMakeFiles/cmTC_e22d2.dir/CheckFunctionExists.c.o
/usr/bin/cc   -DCHECK_FUNCTION_EXISTS=pthread_create   -o CMakeFiles/cmTC_e22d2.dir/CheckFunctionExists.c.o   -c /usr/share/cmake-3.10/Modules/CheckFunctionExists.c
Linking C executable cmTC_e22d2
/usr/bin/cmake -E cmake_link_script CMakeFiles/cmTC_e22d2.dir/link.txt --verbose=1
/usr/bin/cc  -DCHECK_FUNCTION_EXISTS=pthread_create    -rdynamic CMakeFiles/cmTC_e22d2.dir/CheckFunctionExists.c.o  -o cmTC_e22d2 -lpthreads 
/usr/bin/ld: cannot find -lpthreads
collect2: error: ld returned 1 exit status
CMakeFiles/cmTC_e22d2.dir/build.make:97: recipe for target 'cmTC_e22d2' failed
make[1]: *** [cmTC_e22d2] Error 1
make[1]: Leaving directory '/home/george/Desktop/group16_workspace/build/catkin_tools_prebuild/CMakeFiles/CMakeTmp'
Makefile:126: recipe for target 'cmTC_e22d2/fast' failed
make: *** [cmTC_e22d2/fast] Error 2


