Determining if the pthread_create exist failed with the following output:
Change Dir: /home/george/Desktop/group16_workspace/build/pal_navigation_cfg_tiago_dual/CMakeFiles/CMakeTmp

Run Build Command:"/usr/bin/make" "cmTC_ebc0b/fast"
/usr/bin/make -f CMakeFiles/cmTC_ebc0b.dir/build.make CMakeFiles/cmTC_ebc0b.dir/build
make[1]: Entering directory '/home/george/Desktop/group16_workspace/build/pal_navigation_cfg_tiago_dual/CMakeFiles/CMakeTmp'
Building C object CMakeFiles/cmTC_ebc0b.dir/CheckSymbolExists.c.o
/usr/bin/cc    -o CMakeFiles/cmTC_ebc0b.dir/CheckSymbolExists.c.o   -c /home/george/Desktop/group16_workspace/build/pal_navigation_cfg_tiago_dual/CMakeFiles/CMakeTmp/CheckSymbolExists.c
Linking C executable cmTC_ebc0b
/usr/bin/cmake -E cmake_link_script CMakeFiles/cmTC_ebc0b.dir/link.txt --verbose=1
/usr/bin/cc      -rdynamic CMakeFiles/cmTC_ebc0b.dir/CheckSymbolExists.c.o  -o cmTC_ebc0b 
CMakeFiles/cmTC_ebc0b.dir/CheckSymbolExists.c.o: In function `main':
CheckSymbolExists.c:(.text+0x1b): undefined reference to `pthread_create'
collect2: error: ld returned 1 exit status
CMakeFiles/cmTC_ebc0b.dir/build.make:97: recipe for target 'cmTC_ebc0b' failed
make[1]: *** [cmTC_ebc0b] Error 1
make[1]: Leaving directory '/home/george/Desktop/group16_workspace/build/pal_navigation_cfg_tiago_dual/CMakeFiles/CMakeTmp'
Makefile:126: recipe for target 'cmTC_ebc0b/fast' failed
make: *** [cmTC_ebc0b/fast] Error 2

File /home/george/Desktop/group16_workspace/build/pal_navigation_cfg_tiago_dual/CMakeFiles/CMakeTmp/CheckSymbolExists.c:
/* */
#include <pthread.h>

int main(int argc, char** argv)
{
  (void)argv;
#ifndef pthread_create
  return ((int*)(&pthread_create))[argc];
#else
  (void)argc;
  return 0;
#endif
}

Determining if the function pthread_create exists in the pthreads failed with the following output:
Change Dir: /home/george/Desktop/group16_workspace/build/pal_navigation_cfg_tiago_dual/CMakeFiles/CMakeTmp

Run Build Command:"/usr/bin/make" "cmTC_035cd/fast"
/usr/bin/make -f CMakeFiles/cmTC_035cd.dir/build.make CMakeFiles/cmTC_035cd.dir/build
make[1]: Entering directory '/home/george/Desktop/group16_workspace/build/pal_navigation_cfg_tiago_dual/CMakeFiles/CMakeTmp'
Building C object CMakeFiles/cmTC_035cd.dir/CheckFunctionExists.c.o
/usr/bin/cc   -DCHECK_FUNCTION_EXISTS=pthread_create   -o CMakeFiles/cmTC_035cd.dir/CheckFunctionExists.c.o   -c /usr/share/cmake-3.10/Modules/CheckFunctionExists.c
Linking C executable cmTC_035cd
/usr/bin/cmake -E cmake_link_script CMakeFiles/cmTC_035cd.dir/link.txt --verbose=1
/usr/bin/cc  -DCHECK_FUNCTION_EXISTS=pthread_create    -rdynamic CMakeFiles/cmTC_035cd.dir/CheckFunctionExists.c.o  -o cmTC_035cd -lpthreads 
/usr/bin/ld: cannot find -lpthreads
collect2: error: ld returned 1 exit status
CMakeFiles/cmTC_035cd.dir/build.make:97: recipe for target 'cmTC_035cd' failed
make[1]: *** [cmTC_035cd] Error 1
make[1]: Leaving directory '/home/george/Desktop/group16_workspace/build/pal_navigation_cfg_tiago_dual/CMakeFiles/CMakeTmp'
Makefile:126: recipe for target 'cmTC_035cd/fast' failed
make: *** [cmTC_035cd/fast] Error 2


