Determining if the pthread_create exist failed with the following output:
Change Dir: /home/george/Desktop/group16_workspace/build/rosplan_knowledge_base/CMakeFiles/CMakeTmp

Run Build Command:"/usr/bin/make" "cmTC_be148/fast"
/usr/bin/make -f CMakeFiles/cmTC_be148.dir/build.make CMakeFiles/cmTC_be148.dir/build
make[1]: Entering directory '/home/george/Desktop/group16_workspace/build/rosplan_knowledge_base/CMakeFiles/CMakeTmp'
Building C object CMakeFiles/cmTC_be148.dir/CheckSymbolExists.c.o
/usr/bin/cc    -o CMakeFiles/cmTC_be148.dir/CheckSymbolExists.c.o   -c /home/george/Desktop/group16_workspace/build/rosplan_knowledge_base/CMakeFiles/CMakeTmp/CheckSymbolExists.c
Linking C executable cmTC_be148
/usr/bin/cmake -E cmake_link_script CMakeFiles/cmTC_be148.dir/link.txt --verbose=1
/usr/bin/cc      -rdynamic CMakeFiles/cmTC_be148.dir/CheckSymbolExists.c.o  -o cmTC_be148 
CMakeFiles/cmTC_be148.dir/CheckSymbolExists.c.o: In function `main':
CheckSymbolExists.c:(.text+0x1b): undefined reference to `pthread_create'
collect2: error: ld returned 1 exit status
CMakeFiles/cmTC_be148.dir/build.make:97: recipe for target 'cmTC_be148' failed
make[1]: *** [cmTC_be148] Error 1
make[1]: Leaving directory '/home/george/Desktop/group16_workspace/build/rosplan_knowledge_base/CMakeFiles/CMakeTmp'
Makefile:126: recipe for target 'cmTC_be148/fast' failed
make: *** [cmTC_be148/fast] Error 2

File /home/george/Desktop/group16_workspace/build/rosplan_knowledge_base/CMakeFiles/CMakeTmp/CheckSymbolExists.c:
/* */
#include <pthread.h>

int main(int argc, char** argv)
{
  (void)argv;
#ifndef pthread_create
  return ((int*)(&pthread_create))[argc];
#else
  (void)argc;
  return 0;
#endif
}

Determining if the function pthread_create exists in the pthreads failed with the following output:
Change Dir: /home/george/Desktop/group16_workspace/build/rosplan_knowledge_base/CMakeFiles/CMakeTmp

Run Build Command:"/usr/bin/make" "cmTC_72c72/fast"
/usr/bin/make -f CMakeFiles/cmTC_72c72.dir/build.make CMakeFiles/cmTC_72c72.dir/build
make[1]: Entering directory '/home/george/Desktop/group16_workspace/build/rosplan_knowledge_base/CMakeFiles/CMakeTmp'
Building C object CMakeFiles/cmTC_72c72.dir/CheckFunctionExists.c.o
/usr/bin/cc   -DCHECK_FUNCTION_EXISTS=pthread_create   -o CMakeFiles/cmTC_72c72.dir/CheckFunctionExists.c.o   -c /usr/share/cmake-3.10/Modules/CheckFunctionExists.c
Linking C executable cmTC_72c72
/usr/bin/cmake -E cmake_link_script CMakeFiles/cmTC_72c72.dir/link.txt --verbose=1
/usr/bin/cc  -DCHECK_FUNCTION_EXISTS=pthread_create    -rdynamic CMakeFiles/cmTC_72c72.dir/CheckFunctionExists.c.o  -o cmTC_72c72 -lpthreads 
/usr/bin/ld: cannot find -lpthreads
collect2: error: ld returned 1 exit status
CMakeFiles/cmTC_72c72.dir/build.make:97: recipe for target 'cmTC_72c72' failed
make[1]: *** [cmTC_72c72] Error 1
make[1]: Leaving directory '/home/george/Desktop/group16_workspace/build/rosplan_knowledge_base/CMakeFiles/CMakeTmp'
Makefile:126: recipe for target 'cmTC_72c72/fast' failed
make: *** [cmTC_72c72/fast] Error 2


